[debug] [2022-05-12T16:28:19.021Z] ----------------------------------------------------------------------
[debug] [2022-05-12T16:28:19.023Z] Command:       C:\Program Files\nodejs\node.exe C:\Users\Joy\AppData\Roaming\npm\node_modules\firebase-tools\lib\bin\firebase.js init
[debug] [2022-05-12T16:28:19.023Z] CLI Version:   10.9.2
[debug] [2022-05-12T16:28:19.024Z] Platform:      win32
[debug] [2022-05-12T16:28:19.024Z] Node Version:  v16.14.2
[debug] [2022-05-12T16:28:19.025Z] Time:          Thu May 12 2022 22:28:19 GMT+0600 (Bangladesh Standard Time)
[debug] [2022-05-12T16:28:19.025Z] ----------------------------------------------------------------------
[debug] 
[debug] [2022-05-12T16:28:19.033Z] > command requires scopes: ["email","openid","https://www.googleapis.com/auth/cloudplatformprojects.readonly","https://www.googleapis.com/auth/firebase","https://www.googleapis.com/auth/cloud-platform"]
[debug] [2022-05-12T16:28:19.033Z] > authorizing via signed-in user (monisarkarjoy14@gmail.com)
[info] 
     ######## #### ########  ######## ########     ###     ######  ########
     ##        ##  ##     ## ##       ##     ##  ##   ##  ##       ##
     ######    ##  ########  ######   ########  #########  ######  ######
     ##        ##  ##    ##  ##       ##     ## ##     ##       ## ##
     ##       #### ##     ## ######## ########  ##     ##  ######  ########

You're about to initialize a Firebase project in this directory:

  D:\netflix-clone-ui

[info] 
=== Project Setup
[info] 
[info] First, let's associate this project directory with a Firebase project.
[info] You can create multiple project aliases by running firebase use --add, 
[info] but for now we'll just set up a default project.
[info] 
[debug] [2022-05-12T16:33:33.953Z] >>> [apiv2][query] GET https://firebase.googleapis.com/v1beta1/projects pageSize=100
[debug] [2022-05-12T16:33:34.939Z] <<< [apiv2][status] GET https://firebase.googleapis.com/v1beta1/projects 200
[debug] [2022-05-12T16:33:34.939Z] <<< [apiv2][body] GET https://firebase.googleapis.com/v1beta1/projects [omitted]
[info] i  Using project netflix-react-27990 (netflix-react) 
[info] 
=== Database Setup
[info] i  database: ensuring required API firebasedatabase.googleapis.com is enabled... 
[debug] [2022-05-12T16:33:49.715Z] >>> [apiv2][query] GET https://serviceusage.googleapis.com/v1/projects/netflix-react-27990/services/firebasedatabase.googleapis.com [none]
[debug] [2022-05-12T16:33:51.509Z] <<< [apiv2][status] GET https://serviceusage.googleapis.com/v1/projects/netflix-react-27990/services/firebasedatabase.googleapis.com 200
[debug] [2022-05-12T16:33:51.510Z] <<< [apiv2][body] GET https://serviceusage.googleapis.com/v1/projects/netflix-react-27990/services/firebasedatabase.googleapis.com [omitted]
[warn] !  database: missing required API firebasedatabase.googleapis.com. Enabling now... 
[debug] [2022-05-12T16:33:51.513Z] >>> [apiv2][query] POST https://serviceusage.googleapis.com/v1/projects/netflix-react-27990/services/firebasedatabase.googleapis.com:enable [none]
[debug] [2022-05-12T16:33:53.345Z] <<< [apiv2][status] POST https://serviceusage.googleapis.com/v1/projects/netflix-react-27990/services/firebasedatabase.googleapis.com:enable 200
[debug] [2022-05-12T16:33:53.346Z] <<< [apiv2][body] POST https://serviceusage.googleapis.com/v1/projects/netflix-react-27990/services/firebasedatabase.googleapis.com:enable [omitted]
[debug] [2022-05-12T16:34:03.356Z] >>> [apiv2][query] GET https://serviceusage.googleapis.com/v1/projects/netflix-react-27990/services/firebasedatabase.googleapis.com [none]
[debug] [2022-05-12T16:34:05.020Z] <<< [apiv2][status] GET https://serviceusage.googleapis.com/v1/projects/netflix-react-27990/services/firebasedatabase.googleapis.com 200
[debug] [2022-05-12T16:34:05.020Z] <<< [apiv2][body] GET https://serviceusage.googleapis.com/v1/projects/netflix-react-27990/services/firebasedatabase.googleapis.com [omitted]
[info] +  database: required API firebasedatabase.googleapis.com is enabled 
[info] 
[debug] [2022-05-12T16:34:05.033Z] >>> [apiv2][query] GET https://firebase.googleapis.com/v1beta1/projects/netflix-react-27990 [none]
[debug] [2022-05-12T16:34:05.503Z] <<< [apiv2][status] GET https://firebase.googleapis.com/v1beta1/projects/netflix-react-27990 200
[debug] [2022-05-12T16:34:05.504Z] <<< [apiv2][body] GET https://firebase.googleapis.com/v1beta1/projects/netflix-react-27990 {"projectId":"netflix-react-27990","projectNumber":"598248188591","displayName":"netflix-react","name":"projects/netflix-react-27990","resources":{"hostingSite":"netflix-react-27990","storageBucket":"netflix-react-27990.appspot.com","locationId":"us-central"},"state":"ACTIVE"}
[debug] [2022-05-12T16:34:22.958Z] > refreshing access token with scopes: ["email","https://www.googleapis.com/auth/cloud-platform","https://www.googleapis.com/auth/cloudplatformprojects.readonly","https://www.googleapis.com/auth/firebase","openid"]
[debug] [2022-05-12T16:34:22.958Z] >>> HTTP REQUEST POST https://www.googleapis.com/oauth2/v3/token  
 <request body omitted>
[debug] [2022-05-12T16:34:23.194Z] <<< HTTP RESPONSE 200 {"cache-control":"no-cache, no-store, max-age=0, must-revalidate","expires":"Mon, 01 Jan 1990 00:00:00 GMT","pragma":"no-cache","date":"Thu, 12 May 2022 16:34:23 GMT","content-type":"application/json; charset=utf-8","vary":"X-Origin, Referer, Origin,Accept-Encoding","server":"scaffolding on HTTPServer2","x-xss-protection":"0","x-frame-options":"SAMEORIGIN","x-content-type-options":"nosniff","alt-svc":"h3=\":443\"; ma=2592000,h3-29=\":443\"; ma=2592000,h3-Q050=\":443\"; ma=2592000,h3-Q046=\":443\"; ma=2592000,h3-Q043=\":443\"; ma=2592000,quic=\":443\"; ma=2592000; v=\"46,43\"","accept-ranges":"none","transfer-encoding":"chunked"}
[debug] [2022-05-12T16:34:23.265Z] >>> HTTP REQUEST POST https://firebasedatabase.googleapis.com/v1beta/projects/netflix-react-27990/locations/asia-southeast1/instances?databaseId=netflix-react-27990-default-rtdb&validateOnly=true  
 {"type":"default_database"}
[debug] [2022-05-12T16:34:24.479Z] <<< HTTP RESPONSE 200 {"content-type":"application/json; charset=UTF-8","vary":"X-Origin, Referer, Origin,Accept-Encoding","date":"Thu, 12 May 2022 16:34:24 GMT","server":"ESF","cache-control":"private","x-xss-protection":"0","x-frame-options":"SAMEORIGIN","x-content-type-options":"nosniff","alt-svc":"h3=\":443\"; ma=2592000,h3-29=\":443\"; ma=2592000,h3-Q050=\":443\"; ma=2592000,h3-Q046=\":443\"; ma=2592000,h3-Q043=\":443\"; ma=2592000,quic=\":443\"; ma=2592000; v=\"46,43\"","accept-ranges":"none","transfer-encoding":"chunked"}
[debug] [2022-05-12T16:34:24.485Z] >>> HTTP REQUEST POST https://firebasedatabase.googleapis.com/v1beta/projects/netflix-react-27990/locations/asia-southeast1/instances?databaseId=netflix-react-27990-default-rtdb  
 {"type":"default_database"}
[debug] [2022-05-12T16:34:25.853Z] <<< HTTP RESPONSE 200 {"content-type":"application/json; charset=UTF-8","vary":"X-Origin, Referer, Origin,Accept-Encoding","date":"Thu, 12 May 2022 16:34:26 GMT","server":"ESF","cache-control":"private","x-xss-protection":"0","x-frame-options":"SAMEORIGIN","x-content-type-options":"nosniff","alt-svc":"h3=\":443\"; ma=2592000,h3-29=\":443\"; ma=2592000,h3-Q050=\":443\"; ma=2592000,h3-Q046=\":443\"; ma=2592000,h3-Q043=\":443\"; ma=2592000,quic=\":443\"; ma=2592000; v=\"46,43\"","accept-ranges":"none","transfer-encoding":"chunked"}
[info] 
[info] Firebase Realtime Database Security Rules allow you to define how your data should be
[info] structured and when your data can be read from and written to.
[info] 
[debug] [2022-05-12T16:34:36.844Z] Error: kill ENOSYS
    at process.kill (node:internal/process/per_thread:220:13)
    at process.listener (C:\Users\Joy\AppData\Roaming\npm\node_modules\firebase-tools\node_modules\signal-exit\index.js:95:15)
    at process.emit (node:events:526:28)
[error] 
[error] Error: An unexpected error has occurred.
